{"contracts/Governor.sol":{"l":{"24":0,"28":0,"32":0,"37":0,"41":0,"45":0,"56":0,"65":0,"74":0,"82":0,"89":0,"97":0,"106":0,"115":0},"path":"/Users/slavab/local/relContracts/contracts/Governor.sol","s":{"1":0,"2":0,"3":0,"4":0,"5":0,"6":0,"7":0,"8":0,"9":0,"10":0,"11":0,"12":0,"13":0,"14":0},"b":{},"f":{"1":0,"2":0,"3":0,"4":0,"5":0,"6":0,"7":0,"8":0,"9":0,"10":0,"11":0,"12":0,"13":0,"14":0,"15":0},"fnMap":{"1":{"name":"constructor","line":20,"loc":{"start":{"line":16,"column":4},"end":{"line":21,"column":5}}},"2":{"name":"votingDelay","line":23,"loc":{"start":{"line":23,"column":4},"end":{"line":25,"column":4}}},"3":{"name":"votingPeriod","line":27,"loc":{"start":{"line":27,"column":4},"end":{"line":29,"column":4}}},"4":{"name":"proposalThreshold","line":31,"loc":{"start":{"line":31,"column":4},"end":{"line":33,"column":4}}},"5":{"name":"setVotingDelay","line":36,"loc":{"start":{"line":36,"column":4},"end":{"line":38,"column":4}}},"6":{"name":"setVotingPeriod","line":40,"loc":{"start":{"line":40,"column":4},"end":{"line":42,"column":4}}},"7":{"name":"setProposalThreshold","line":44,"loc":{"start":{"line":44,"column":4},"end":{"line":46,"column":4}}},"8":{"name":"quorum","line":50,"loc":{"start":{"line":50,"column":4},"end":{"line":57,"column":4}}},"9":{"name":"getVotes","line":59,"loc":{"start":{"line":59,"column":4},"end":{"line":66,"column":4}}},"10":{"name":"state","line":68,"loc":{"start":{"line":68,"column":4},"end":{"line":75,"column":4}}},"11":{"name":"propose","line":77,"loc":{"start":{"line":77,"column":4},"end":{"line":83,"column":4}}},"12":{"name":"_execute","line":85,"loc":{"start":{"line":85,"column":4},"end":{"line":90,"column":4}}},"13":{"name":"_cancel","line":92,"loc":{"start":{"line":92,"column":4},"end":{"line":98,"column":4}}},"14":{"name":"_executor","line":100,"loc":{"start":{"line":100,"column":4},"end":{"line":107,"column":4}}},"15":{"name":"supportsInterface","line":109,"loc":{"start":{"line":109,"column":4},"end":{"line":116,"column":4}}}},"statementMap":{"1":{"start":{"line":24,"column":8},"end":{"line":24,"column":27}},"2":{"start":{"line":28,"column":8},"end":{"line":28,"column":28}},"3":{"start":{"line":32,"column":8},"end":{"line":32,"column":33}},"4":{"start":{"line":37,"column":8},"end":{"line":37,"column":34}},"5":{"start":{"line":41,"column":8},"end":{"line":41,"column":36}},"6":{"start":{"line":45,"column":8},"end":{"line":45,"column":46}},"7":{"start":{"line":56,"column":8},"end":{"line":56,"column":40}},"8":{"start":{"line":65,"column":8},"end":{"line":65,"column":51}},"9":{"start":{"line":74,"column":8},"end":{"line":74,"column":38}},"10":{"start":{"line":82,"column":8},"end":{"line":82,"column":69}},"11":{"start":{"line":89,"column":8},"end":{"line":89,"column":78}},"12":{"start":{"line":97,"column":8},"end":{"line":97,"column":73}},"13":{"start":{"line":106,"column":8},"end":{"line":106,"column":32}},"14":{"start":{"line":115,"column":8},"end":{"line":115,"column":51}}},"branchMap":{}},"contracts/interfaces/IsRel.sol":{"l":{},"path":"/Users/slavab/local/relContracts/contracts/interfaces/IsRel.sol","s":{},"b":{},"f":{},"fnMap":{},"statementMap":{},"branchMap":{}},"contracts/libraries/Utils.sol":{"l":{"22":5,"23":5,"27":10,"28":9,"31":5,"35":1,"36":1,"41":5,"42":3,"44":2,"45":2,"46":2,"49":2,"50":2,"51":2,"55":6,"56":5,"57":4,"59":5,"60":4,"63":5,"67":29,"71":4,"72":3,"73":3,"74":3,"75":3,"77":3,"78":2,"79":2,"80":2,"81":2,"84":3,"85":2,"86":2,"87":2,"88":2,"91":3,"92":2,"93":2},"path":"/Users/slavab/local/relContracts/contracts/libraries/Utils.sol","s":{"1":5,"2":5,"3":10,"4":9,"5":5,"6":1,"7":1,"8":5,"9":3,"10":2,"11":2,"12":2,"13":2,"14":2,"15":2,"16":6,"17":5,"18":4,"19":5,"20":4,"21":5,"22":29,"23":4,"24":3,"25":3,"26":3,"27":3,"28":3,"29":2,"30":2,"31":2,"32":2,"33":3,"34":2,"35":2,"36":2,"37":2,"38":3,"39":2,"40":2},"b":{"1":[9,1],"2":[5,4],"3":[3,2],"4":[2,1],"5":[5,1],"6":[4,1],"7":[4,1],"8":[3,1],"9":[2,1],"10":[2,1],"11":[2,1]},"f":{"1":5,"2":10,"3":1,"4":5,"5":6,"6":29,"7":4},"fnMap":{"1":{"name":"unlock","line":21,"loc":{"start":{"line":21,"column":2},"end":{"line":24,"column":2}}},"2":{"name":"useUnlocked","line":26,"loc":{"start":{"line":26,"column":2},"end":{"line":32,"column":2}}},"3":{"name":"resetLock","line":34,"loc":{"start":{"line":34,"column":2},"end":{"line":37,"column":2}}},"4":{"name":"transferVestedTokens","line":40,"loc":{"start":{"line":40,"column":2},"end":{"line":52,"column":2}}},"5":{"name":"setVestedAmount","line":54,"loc":{"start":{"line":54,"column":2},"end":{"line":64,"column":2}}},"6":{"name":"vested","line":66,"loc":{"start":{"line":66,"column":2},"end":{"line":68,"column":2}}},"7":{"name":"updateVestedAmount","line":70,"loc":{"start":{"line":70,"column":2},"end":{"line":94,"column":2}}}},"statementMap":{"1":{"start":{"line":22,"column":4},"end":{"line":22,"column":27}},"2":{"start":{"line":23,"column":4},"end":{"line":23,"column":47}},"3":{"start":{"line":27,"column":4},"end":{"line":27,"column":89}},"4":{"start":{"line":28,"column":4},"end":{"line":28,"column":94}},"5":{"start":{"line":31,"column":4},"end":{"line":31,"column":28}},"6":{"start":{"line":35,"column":4},"end":{"line":35,"column":22}},"7":{"start":{"line":36,"column":4},"end":{"line":36,"column":22}},"8":{"start":{"line":41,"column":4},"end":{"line":41,"column":64}},"9":{"start":{"line":42,"column":4},"end":{"line":42,"column":93}},"10":{"start":{"line":44,"column":4},"end":{"line":44,"column":36}},"11":{"start":{"line":45,"column":4},"end":{"line":45,"column":34}},"12":{"start":{"line":46,"column":4},"end":{"line":46,"column":38}},"13":{"start":{"line":49,"column":4},"end":{"line":49,"column":21}},"14":{"start":{"line":50,"column":4},"end":{"line":50,"column":20}},"15":{"start":{"line":51,"column":4},"end":{"line":51,"column":22}},"16":{"start":{"line":55,"column":4},"end":{"line":55,"column":101}},"17":{"start":{"line":56,"column":4},"end":{"line":56,"column":1692}},"18":{"start":{"line":57,"column":6},"end":{"line":57,"column":31}},"19":{"start":{"line":59,"column":4},"end":{"line":59,"column":1748}},"20":{"start":{"line":60,"column":6},"end":{"line":60,"column":29}},"21":{"start":{"line":63,"column":4},"end":{"line":63,"column":30}},"22":{"start":{"line":67,"column":4},"end":{"line":67,"column":41}},"23":{"start":{"line":71,"column":4},"end":{"line":71,"column":80}},"24":{"start":{"line":72,"column":4},"end":{"line":72,"column":19}},"25":{"start":{"line":73,"column":4},"end":{"line":73,"column":35}},"26":{"start":{"line":74,"column":4},"end":{"line":74,"column":33}},"27":{"start":{"line":75,"column":4},"end":{"line":75,"column":31}},"28":{"start":{"line":77,"column":4},"end":{"line":77,"column":2326}},"29":{"start":{"line":78,"column":6},"end":{"line":78,"column":82}},"30":{"start":{"line":79,"column":6},"end":{"line":79,"column":72}},"31":{"start":{"line":80,"column":6},"end":{"line":80,"column":28}},"32":{"start":{"line":81,"column":6},"end":{"line":81,"column":20}},"33":{"start":{"line":84,"column":4},"end":{"line":84,"column":2589}},"34":{"start":{"line":85,"column":6},"end":{"line":85,"column":80}},"35":{"start":{"line":86,"column":6},"end":{"line":86,"column":70}},"36":{"start":{"line":87,"column":6},"end":{"line":87,"column":27}},"37":{"start":{"line":88,"column":6},"end":{"line":88,"column":20}},"38":{"start":{"line":91,"column":4},"end":{"line":91,"column":73}},"39":{"start":{"line":92,"column":4},"end":{"line":92,"column":36}},"40":{"start":{"line":93,"column":4},"end":{"line":93,"column":17}}},"branchMap":{"1":{"line":27,"type":"if","locations":[{"start":{"line":27,"column":4},"end":{"line":27,"column":4}},{"start":{"line":27,"column":4},"end":{"line":27,"column":4}}]},"2":{"line":28,"type":"if","locations":[{"start":{"line":28,"column":4},"end":{"line":28,"column":4}},{"start":{"line":28,"column":4},"end":{"line":28,"column":4}}]},"3":{"line":41,"type":"if","locations":[{"start":{"line":41,"column":4},"end":{"line":41,"column":4}},{"start":{"line":41,"column":4},"end":{"line":41,"column":4}}]},"4":{"line":42,"type":"if","locations":[{"start":{"line":42,"column":4},"end":{"line":42,"column":4}},{"start":{"line":42,"column":4},"end":{"line":42,"column":4}}]},"5":{"line":55,"type":"if","locations":[{"start":{"line":55,"column":4},"end":{"line":55,"column":4}},{"start":{"line":55,"column":4},"end":{"line":55,"column":4}}]},"6":{"line":56,"type":"if","locations":[{"start":{"line":56,"column":4},"end":{"line":56,"column":4}},{"start":{"line":56,"column":4},"end":{"line":56,"column":4}}]},"7":{"line":59,"type":"if","locations":[{"start":{"line":59,"column":4},"end":{"line":59,"column":4}},{"start":{"line":59,"column":4},"end":{"line":59,"column":4}}]},"8":{"line":71,"type":"if","locations":[{"start":{"line":71,"column":4},"end":{"line":71,"column":4}},{"start":{"line":71,"column":4},"end":{"line":71,"column":4}}]},"9":{"line":77,"type":"if","locations":[{"start":{"line":77,"column":4},"end":{"line":77,"column":4}},{"start":{"line":77,"column":4},"end":{"line":77,"column":4}}]},"10":{"line":84,"type":"if","locations":[{"start":{"line":84,"column":4},"end":{"line":84,"column":4}},{"start":{"line":84,"column":4},"end":{"line":84,"column":4}}]},"11":{"line":91,"type":"if","locations":[{"start":{"line":91,"column":4},"end":{"line":91,"column":4}},{"start":{"line":91,"column":4},"end":{"line":91,"column":4}}]}}},"contracts/mocks/GovernorMock.sol":{"l":{"24":2,"28":2,"32":2,"37":0,"41":0,"45":0,"56":4,"65":4,"74":7,"82":2,"89":1,"97":0,"106":0,"115":0},"path":"/Users/slavab/local/relContracts/contracts/mocks/GovernorMock.sol","s":{"1":2,"2":2,"3":2,"4":0,"5":0,"6":0,"7":4,"8":4,"9":7,"10":2,"11":1,"12":0,"13":0,"14":0},"b":{},"f":{"1":3,"2":2,"3":2,"4":2,"5":0,"6":0,"7":0,"8":4,"9":4,"10":7,"11":2,"12":1,"13":0,"14":0,"15":0},"fnMap":{"1":{"name":"constructor","line":20,"loc":{"start":{"line":16,"column":4},"end":{"line":21,"column":5}}},"2":{"name":"votingDelay","line":23,"loc":{"start":{"line":23,"column":4},"end":{"line":25,"column":4}}},"3":{"name":"votingPeriod","line":27,"loc":{"start":{"line":27,"column":4},"end":{"line":29,"column":4}}},"4":{"name":"proposalThreshold","line":31,"loc":{"start":{"line":31,"column":4},"end":{"line":33,"column":4}}},"5":{"name":"setVotingDelay","line":36,"loc":{"start":{"line":36,"column":4},"end":{"line":38,"column":4}}},"6":{"name":"setVotingPeriod","line":40,"loc":{"start":{"line":40,"column":4},"end":{"line":42,"column":4}}},"7":{"name":"setProposalThreshold","line":44,"loc":{"start":{"line":44,"column":4},"end":{"line":46,"column":4}}},"8":{"name":"quorum","line":50,"loc":{"start":{"line":50,"column":4},"end":{"line":57,"column":4}}},"9":{"name":"getVotes","line":59,"loc":{"start":{"line":59,"column":4},"end":{"line":66,"column":4}}},"10":{"name":"state","line":68,"loc":{"start":{"line":68,"column":4},"end":{"line":75,"column":4}}},"11":{"name":"propose","line":77,"loc":{"start":{"line":77,"column":4},"end":{"line":83,"column":4}}},"12":{"name":"_execute","line":85,"loc":{"start":{"line":85,"column":4},"end":{"line":90,"column":4}}},"13":{"name":"_cancel","line":92,"loc":{"start":{"line":92,"column":4},"end":{"line":98,"column":4}}},"14":{"name":"_executor","line":100,"loc":{"start":{"line":100,"column":4},"end":{"line":107,"column":4}}},"15":{"name":"supportsInterface","line":109,"loc":{"start":{"line":109,"column":4},"end":{"line":116,"column":4}}}},"statementMap":{"1":{"start":{"line":24,"column":8},"end":{"line":24,"column":27}},"2":{"start":{"line":28,"column":8},"end":{"line":28,"column":28}},"3":{"start":{"line":32,"column":8},"end":{"line":32,"column":33}},"4":{"start":{"line":37,"column":8},"end":{"line":37,"column":34}},"5":{"start":{"line":41,"column":8},"end":{"line":41,"column":36}},"6":{"start":{"line":45,"column":8},"end":{"line":45,"column":46}},"7":{"start":{"line":56,"column":8},"end":{"line":56,"column":40}},"8":{"start":{"line":65,"column":8},"end":{"line":65,"column":51}},"9":{"start":{"line":74,"column":8},"end":{"line":74,"column":38}},"10":{"start":{"line":82,"column":8},"end":{"line":82,"column":69}},"11":{"start":{"line":89,"column":8},"end":{"line":89,"column":78}},"12":{"start":{"line":97,"column":8},"end":{"line":97,"column":73}},"13":{"start":{"line":106,"column":8},"end":{"line":106,"column":32}},"14":{"start":{"line":115,"column":8},"end":{"line":115,"column":51}}},"branchMap":{}},"contracts/mocks/Token.sol":{"l":{"9":21,"12":1},"path":"/Users/slavab/local/relContracts/contracts/mocks/Token.sol","s":{"1":21,"2":1},"b":{},"f":{"1":21,"2":1},"fnMap":{"1":{"name":"constructor","line":8,"loc":{"start":{"line":8,"column":2},"end":{"line":10,"column":2}}},"2":{"name":"mintTo","line":11,"loc":{"start":{"line":11,"column":2},"end":{"line":13,"column":2}}}},"statementMap":{"1":{"start":{"line":9,"column":4},"end":{"line":9,"column":30}},"2":{"start":{"line":12,"column":4},"end":{"line":12,"column":25}}},"branchMap":{}},"contracts/sRel.sol":{"l":{"39":21,"40":21,"41":21,"42":21,"73":17,"76":17,"78":11,"79":11,"82":10,"89":3,"94":1,"99":2,"100":2,"105":4,"106":3,"114":5,"125":3,"126":3,"127":3,"130":3,"132":1,"133":1,"139":6,"140":5,"141":4,"146":4,"147":2,"152":5,"153":5,"154":2,"161":9,"165":6,"169":5,"173":2,"179":1,"183":1},"path":"/Users/slavab/local/relContracts/contracts/sRel.sol","s":{"1":21,"2":21,"3":21,"4":21,"5":17,"6":17,"7":6,"8":11,"9":11,"10":10,"11":3,"12":1,"13":2,"14":2,"15":4,"16":3,"17":5,"18":3,"19":3,"20":3,"21":3,"22":1,"23":1,"24":6,"25":5,"26":4,"27":4,"28":2,"29":5,"30":5,"31":2,"32":9,"33":6,"34":5,"35":2,"36":1,"37":1},"b":{"1":[6,11],"2":[10,1],"3":[1,2],"4":[4,1]},"f":{"1":21,"2":17,"3":3,"4":1,"5":2,"6":4,"7":5,"8":3,"9":6,"10":4,"11":5,"12":9,"13":6,"14":5,"15":2,"16":1,"17":1},"fnMap":{"1":{"name":"constructor","line":37,"loc":{"start":{"line":35,"column":2},"end":{"line":43,"column":2}}},"2":{"name":"_beforeTokenTransfer","line":68,"loc":{"start":{"line":68,"column":2},"end":{"line":83,"column":2}}},"3":{"name":"unlock","line":88,"loc":{"start":{"line":88,"column":2},"end":{"line":90,"column":2}}},"4":{"name":"resetLock","line":93,"loc":{"start":{"line":93,"column":2},"end":{"line":95,"column":2}}},"5":{"name":"stakeRel","line":98,"loc":{"start":{"line":98,"column":2},"end":{"line":101,"column":2}}},"6":{"name":"unstakeRel","line":104,"loc":{"start":{"line":104,"column":2},"end":{"line":107,"column":2}}},"7":{"name":"setVestedAmount","line":113,"loc":{"start":{"line":113,"column":2},"end":{"line":115,"column":2}}},"8":{"name":"vestTokens","line":124,"loc":{"start":{"line":124,"column":2},"end":{"line":134,"column":2}}},"9":{"name":"_setVestedAmount","line":138,"loc":{"start":{"line":138,"column":2},"end":{"line":142,"column":2}}},"10":{"name":"claimVestedRel","line":145,"loc":{"start":{"line":145,"column":2},"end":{"line":148,"column":2}}},"11":{"name":"transferVestedTokens","line":151,"loc":{"start":{"line":151,"column":2},"end":{"line":155,"column":2}}},"12":{"name":"unstaked","line":160,"loc":{"start":{"line":160,"column":2},"end":{"line":162,"column":2}}},"13":{"name":"unlockTime","line":164,"loc":{"start":{"line":164,"column":2},"end":{"line":166,"column":2}}},"14":{"name":"vested","line":168,"loc":{"start":{"line":168,"column":2},"end":{"line":170,"column":2}}},"15":{"name":"vestData","line":172,"loc":{"start":{"line":172,"column":2},"end":{"line":174,"column":2}}},"16":{"name":"updateLockPeriod","line":178,"loc":{"start":{"line":178,"column":2},"end":{"line":180,"column":2}}},"17":{"name":"setVestAdmin","line":182,"loc":{"start":{"line":182,"column":2},"end":{"line":184,"column":2}}}},"statementMap":{"1":{"start":{"line":39,"column":4},"end":{"line":39,"column":13}},"2":{"start":{"line":40,"column":4},"end":{"line":40,"column":25}},"3":{"start":{"line":41,"column":4},"end":{"line":41,"column":25}},"4":{"start":{"line":42,"column":4},"end":{"line":42,"column":23}},"5":{"start":{"line":73,"column":6},"end":{"line":73,"column":49}},"6":{"start":{"line":76,"column":6},"end":{"line":76,"column":60}},"7":{"start":{"line":76,"column":54},"end":{"line":76,"column":60}},"8":{"start":{"line":78,"column":6},"end":{"line":78,"column":78}},"9":{"start":{"line":79,"column":6},"end":{"line":79,"column":88}},"10":{"start":{"line":82,"column":6},"end":{"line":82,"column":38}},"11":{"start":{"line":89,"column":4},"end":{"line":89,"column":49}},"12":{"start":{"line":94,"column":4},"end":{"line":94,"column":34}},"13":{"start":{"line":99,"column":4},"end":{"line":99,"column":62}},"14":{"start":{"line":100,"column":4},"end":{"line":100,"column":28}},"15":{"start":{"line":105,"column":4},"end":{"line":105,"column":28}},"16":{"start":{"line":106,"column":4},"end":{"line":106,"column":43}},"17":{"start":{"line":114,"column":4},"end":{"line":114,"column":53}},"18":{"start":{"line":125,"column":4},"end":{"line":125,"column":108}},"19":{"start":{"line":126,"column":4},"end":{"line":126,"column":44}},"20":{"start":{"line":127,"column":4},"end":{"line":127,"column":46}},"21":{"start":{"line":130,"column":4},"end":{"line":130,"column":61}},"22":{"start":{"line":132,"column":4},"end":{"line":132,"column":29}},"23":{"start":{"line":133,"column":4},"end":{"line":133,"column":58}},"24":{"start":{"line":139,"column":4},"end":{"line":139,"column":68}},"25":{"start":{"line":140,"column":4},"end":{"line":140,"column":129}},"26":{"start":{"line":141,"column":4},"end":{"line":141,"column":43}},"27":{"start":{"line":146,"column":4},"end":{"line":146,"column":85}},"28":{"start":{"line":147,"column":4},"end":{"line":147,"column":49}},"29":{"start":{"line":152,"column":4},"end":{"line":152,"column":43}},"30":{"start":{"line":153,"column":4},"end":{"line":153,"column":50}},"31":{"start":{"line":154,"column":4},"end":{"line":154,"column":23}},"32":{"start":{"line":161,"column":4},"end":{"line":161,"column":38}},"33":{"start":{"line":165,"column":4},"end":{"line":165,"column":38}},"34":{"start":{"line":169,"column":4},"end":{"line":169,"column":33}},"35":{"start":{"line":173,"column":4},"end":{"line":173,"column":24}},"36":{"start":{"line":179,"column":4},"end":{"line":179,"column":29}},"37":{"start":{"line":183,"column":4},"end":{"line":183,"column":23}}},"branchMap":{"1":{"line":76,"type":"if","locations":[{"start":{"line":76,"column":6},"end":{"line":76,"column":6}},{"start":{"line":76,"column":6},"end":{"line":76,"column":6}}]},"2":{"line":79,"type":"if","locations":[{"start":{"line":79,"column":6},"end":{"line":79,"column":6}},{"start":{"line":79,"column":6},"end":{"line":79,"column":6}}]},"3":{"line":130,"type":"if","locations":[{"start":{"line":130,"column":4},"end":{"line":130,"column":4}},{"start":{"line":130,"column":4},"end":{"line":130,"column":4}}]},"4":{"line":140,"type":"if","locations":[{"start":{"line":140,"column":4},"end":{"line":140,"column":4}},{"start":{"line":140,"column":4},"end":{"line":140,"column":4}}]}}},"contracts/Timelock.sol":{"l":{},"path":"/Users/slavab/local/relContracts/contracts/Timelock.sol","s":{},"b":{},"f":{"1":3},"fnMap":{"1":{"name":"constructor","line":12,"loc":{"start":{"line":8,"column":1},"end":{"line":12,"column":56}}}},"statementMap":{},"branchMap":{}}}